#
# There is insufficient memory for the Java Runtime Environment to continue.
# Native memory allocation (malloc) failed to allocate 565776 bytes for Chunk::new
# Possible reasons:
#   The system is out of physical RAM or swap space
#   The process is running with CompressedOops enabled, and the Java Heap may be blocking the growth of the native heap
# Possible solutions:
#   Reduce memory load on the system
#   Increase physical memory or swap space
#   Check if swap backing store is full
#   Decrease Java heap size (-Xmx/-Xms)
#   Decrease number of Java threads
#   Decrease Java thread stack sizes (-Xss)
#   Set larger code cache with -XX:ReservedCodeCacheSize=
#   JVM is running with Unscaled Compressed Oops mode in which the Java heap is
#     placed in the first 4GB address space. The Java Heap base address is the
#     maximum limit for the native heap growth. Please use -XX:HeapBaseMinAddress
#     to set the Java Heap base and to place the Java Heap above 4GB virtual address.
# This output file may be truncated or incomplete.
#
#  Out of Memory Error (./src/hotspot/share/memory/arena.cpp:197), pid=13316, tid=6320
#
# JRE version: OpenJDK Runtime Environment AdoptOpenJDK-11.0.11+9 (11.0.11+9) (build 11.0.11+9)
# Java VM: OpenJDK 64-Bit Server VM AdoptOpenJDK-11.0.11+9 (11.0.11+9, mixed mode, tiered, compressed oops, g1 gc, windows-amd64)
# No core dump will be written. Minidumps are not enabled by default on client versions of Windows
#

---------------  S U M M A R Y ------------

Command Line: -Dfile.encoding=UTF-8 miprimerproyecto53.MiPrimerProyecto53

Host: Intel(R) Core(TM) i3-10110U CPU @ 2.10GHz, 4 cores, 3G,  Windows 10 , 64 bit Build 19041 (10.0.19041.1023)
Time: Sat Aug 14 23:27:21 2021 Hora est. Pacífico, Sudamérica elapsed time: 0.380830 seconds (0d 0h 0m 0s)

---------------  T H R E A D  ---------------

Current thread (0x0000021232fb1800):  JavaThread "C2 CompilerThread0" daemon [_thread_in_native, id=6320, stack(0x000000db5b300000,0x000000db5b400000)]


Current CompileTask:
C2:    380  494       4       jdk.internal.org.objectweb.asm.Frame::execute (2264 bytes)

Stack: [0x000000db5b300000,0x000000db5b400000]
Native frames: (J=compiled Java code, j=interpreted, Vv=VM code, C=native code)
V  [jvm.dll+0x5f7e5a]
V  [jvm.dll+0x77ff2e]
V  [jvm.dll+0x7815ff]
V  [jvm.dll+0x781cc3]
V  [jvm.dll+0x247408]
V  [jvm.dll+0xbe69c]
V  [jvm.dll+0xbed9c]
V  [jvm.dll+0x2b6664]
V  [jvm.dll+0x509569]
V  [jvm.dll+0x20283b]
V  [jvm.dll+0x1ffe4f]
V  [jvm.dll+0x184f1c]
V  [jvm.dll+0x20f3e7]
V  [jvm.dll+0x20d5cb]
V  [jvm.dll+0x7442f9]
V  [jvm.dll+0x73d364]
V  [jvm.dll+0x5f6cd6]
C  [ucrtbase.dll+0x21bb2]
C  [KERNEL32.DLL+0x17034]
C  [ntdll.dll+0x52651]


---------------  P R O C E S S  ---------------

Threads class SMR info:
_java_thread_list=0x00000212335bd620, length=13, elements={
0x0000021214a55800, 0x0000021232f4f800, 0x0000021232f59000, 0x0000021232fa5800,
0x0000021232fa6800, 0x0000021232fab000, 0x0000021232fb1800, 0x0000021232fb6800,
0x0000021232fb8800, 0x0000021233255000, 0x00000212335c3000, 0x00000212335f8000,
0x00000212335e0000
}

Java Threads: ( => current thread )
  0x0000021214a55800 JavaThread "main" [_thread_blocked, id=13936, stack(0x000000db5a700000,0x000000db5a800000)]
  0x0000021232f4f800 JavaThread "Reference Handler" daemon [_thread_blocked, id=11660, stack(0x000000db5ae00000,0x000000db5af00000)]
  0x0000021232f59000 JavaThread "Finalizer" daemon [_thread_blocked, id=1544, stack(0x000000db5af00000,0x000000db5b000000)]
  0x0000021232fa5800 JavaThread "Signal Dispatcher" daemon [_thread_blocked, id=6468, stack(0x000000db5b000000,0x000000db5b100000)]
  0x0000021232fa6800 JavaThread "Attach Listener" daemon [_thread_blocked, id=3828, stack(0x000000db5b100000,0x000000db5b200000)]
  0x0000021232fab000 JavaThread "Service Thread" daemon [_thread_blocked, id=5172, stack(0x000000db5b200000,0x000000db5b300000)]
=>0x0000021232fb1800 JavaThread "C2 CompilerThread0" daemon [_thread_in_native, id=6320, stack(0x000000db5b300000,0x000000db5b400000)]
  0x0000021232fb6800 JavaThread "C1 CompilerThread0" daemon [_thread_blocked, id=13952, stack(0x000000db5b400000,0x000000db5b500000)]
  0x0000021232fb8800 JavaThread "Sweeper thread" daemon [_thread_blocked, id=10068, stack(0x000000db5b500000,0x000000db5b600000)]
  0x0000021233255000 JavaThread "Common-Cleaner" daemon [_thread_blocked, id=16068, stack(0x000000db5b700000,0x000000db5b800000)]
  0x00000212335c3000 JavaThread "Java2D Disposer" daemon [_thread_blocked, id=8528, stack(0x000000db5b800000,0x000000db5b900000)]
  0x00000212335f8000 JavaThread "AWT-Shutdown" [_thread_blocked, id=13768, stack(0x000000db5b900000,0x000000db5ba00000)]
  0x00000212335e0000 JavaThread "AWT-Windows" daemon [_thread_in_native, id=5404, stack(0x000000db5ba00000,0x000000db5bb00000)]

Other Threads:
  0x0000021232f29000 VMThread "VM Thread" [stack: 0x000000db5ad00000,0x000000db5ae00000] [id=9220]
  0x000002123324d000 WatcherThread [stack: 0x000000db5b600000,0x000000db5b700000] [id=7396]
  0x0000021214a6f800 GCTaskThread "GC Thread#0" [stack: 0x000000db5a800000,0x000000db5a900000] [id=11156]
  0x00000212335db800 GCTaskThread "GC Thread#1" [stack: 0x000000db5bb00000,0x000000db5bc00000] [id=5088]
  0x00000212335dc000 GCTaskThread "GC Thread#2" [stack: 0x000000db5bc00000,0x000000db5bd00000] [id=9192]
  0x00000212338e9000 GCTaskThread "GC Thread#3" [stack: 0x000000db5bd00000,0x000000db5be00000] [id=15868]
  0x0000021214a89000 ConcurrentGCThread "G1 Main Marker" [stack: 0x000000db5a900000,0x000000db5aa00000] [id=2620]
  0x0000021214a8c800 ConcurrentGCThread "G1 Conc#0" [stack: 0x000000db5aa00000,0x000000db5ab00000] [id=14732]
  0x0000021214ad2800 ConcurrentGCThread "G1 Refine#0" [stack: 0x000000db5ab00000,0x000000db5ac00000] [id=14728]
  0x0000021214ad3800 ConcurrentGCThread "G1 Young RemSet Sampling" [stack: 0x000000db5ac00000,0x000000db5ad00000] [id=11144]

Threads with active compile tasks:
C2 CompilerThread0    460  494       4       jdk.internal.org.objectweb.asm.Frame::execute (2264 bytes)
C1 CompilerThread0    461  556       3       java.lang.invoke.MethodHandles$Lookup::checkSecurityManager (104 bytes)

VM state:at safepoint (normal execution)

VM Mutex/Monitor currently owned by a thread:  ([mutex/lock_event])
[0x0000021214a53550] Threads_lock - owner thread: 0x0000021232f29000
[0x0000021214a52860] Heap_lock - owner thread: 0x0000021214a55800

Heap address: 0x00000000c6400000, size: 924 MB, Compressed Oops mode: 32-bit
Narrow klass base: 0x0000000000000000, Narrow klass shift: 3
Compressed class space size: 1073741824 Address: 0x0000000100000000

Heap:
 garbage-first heap   total 59392K, used 1522K [0x00000000c6400000, 0x0000000100000000)
  region size 1024K, 2 young (2048K), 2 survivors (2048K)
 Metaspace       used 10642K, capacity 10945K, committed 11008K, reserved 1067008K
  class space    used 1081K, capacity 1251K, committed 1280K, reserved 1048576K
Heap Regions: E=young(eden), S=young(survivor), O=old, HS=humongous(starts), HC=humongous(continues), CS=collection set, F=free, A=archive, TAMS=top-at-mark-start (previous, next)
|   0|0x00000000c6400000, 0x00000000c6400000, 0x00000000c6500000|  0%| F|  |TAMS 0x00000000c6400000, 0x00000000c6400000| Untracked 
|   1|0x00000000c6500000, 0x00000000c6500000, 0x00000000c6600000|  0%| F|  |TAMS 0x00000000c6500000, 0x00000000c6500000| Untracked 
|   2|0x00000000c6600000, 0x00000000c6600000, 0x00000000c6700000|  0%| F|  |TAMS 0x00000000c6600000, 0x00000000c6600000| Untracked 
|   3|0x00000000c6700000, 0x00000000c6700000, 0x00000000c6800000|  0%| F|  |TAMS 0x00000000c6700000, 0x00000000c6700000| Untracked 
|   4|0x00000000c6800000, 0x00000000c6800000, 0x00000000c6900000|  0%| F|  |TAMS 0x00000000c6800000, 0x00000000c6800000| Untracked 
|   5|0x00000000c6900000, 0x00000000c6900000, 0x00000000c6a00000|  0%| F|  |TAMS 0x00000000c6900000, 0x00000000c6900000| Untracked 
|   6|0x00000000c6a00000, 0x00000000c6a00000, 0x00000000c6b00000|  0%| F|  |TAMS 0x00000000c6a00000, 0x00000000c6a00000| Untracked 
|   7|0x00000000c6b00000, 0x00000000c6b00000, 0x00000000c6c00000|  0%| F|  |TAMS 0x00000000c6b00000, 0x00000000c6b00000| Untracked 
|   8|0x00000000c6c00000, 0x00000000c6c00000, 0x00000000c6d00000|  0%| F|  |TAMS 0x00000000c6c00000, 0x00000000c6c00000| Untracked 
|   9|0x00000000c6d00000, 0x00000000c6d00000, 0x00000000c6e00000|  0%| F|  |TAMS 0x00000000c6d00000, 0x00000000c6d00000| Untracked 
|  10|0x00000000c6e00000, 0x00000000c6e00000, 0x00000000c6f00000|  0%| F|  |TAMS 0x00000000c6e00000, 0x00000000c6e00000| Untracked 
|  11|0x00000000c6f00000, 0x00000000c6f00000, 0x00000000c7000000|  0%| F|  |TAMS 0x00000000c6f00000, 0x00000000c6f00000| Untracked 
|  12|0x00000000c7000000, 0x00000000c7000000, 0x00000000c7100000|  0%| F|  |TAMS 0x00000000c7000000, 0x00000000c7000000| Untracked 
|  13|0x00000000c7100000, 0x00000000c7100000, 0x00000000c7200000|  0%| F|  |TAMS 0x00000000c7100000, 0x00000000c7100000| Untracked 
|  14|0x00000000c7200000, 0x00000000c7200000, 0x00000000c7300000|  0%| F|  |TAMS 0x00000000c7200000, 0x00000000c7200000| Untracked 
|  15|0x00000000c7300000, 0x00000000c7300000, 0x00000000c7400000|  0%| F|  |TAMS 0x00000000c7300000, 0x00000000c7300000| Untracked 
|  16|0x00000000c7400000, 0x00000000c7400000, 0x00000000c7500000|  0%| F|  |TAMS 0x00000000c7400000, 0x00000000c7400000| Untracked 
|  17|0x00000000c7500000, 0x00000000c7500000, 0x00000000c7600000|  0%| F|  |TAMS 0x00000000c7500000, 0x00000000c7500000| Untracked 
|  18|0x00000000c7600000, 0x00000000c7600000, 0x00000000c7700000|  0%| F|  |TAMS 0x00000000c7600000, 0x00000000c7600000| Untracked 
|  19|0x00000000c7700000, 0x00000000c7700000, 0x00000000c7800000|  0%| F|  |TAMS 0x00000000c7700000, 0x00000000c7700000| Untracked 
|  20|0x00000000c7800000, 0x00000000c7800000, 0x00000000c7900000|  0%| F|  |TAMS 0x00000000c7800000, 0x00000000c7800000| Untracked 
|  21|0x00000000c7900000, 0x00000000c7900000, 0x00000000c7a00000|  0%| F|  |TAMS 0x00000000c7900000, 0x00000000c7900000| Untracked 
|  22|0x00000000c7a00000, 0x00000000c7a00000, 0x00000000c7b00000|  0%| F|  |TAMS 0x00000000c7a00000, 0x00000000c7a00000| Untracked 
|  23|0x00000000c7b00000, 0x00000000c7b00000, 0x00000000c7c00000|  0%| F|  |TAMS 0x00000000c7b00000, 0x00000000c7b00000| Untracked 
|  24|0x00000000c7c00000, 0x00000000c7c00000, 0x00000000c7d00000|  0%| F|  |TAMS 0x00000000c7c00000, 0x00000000c7c00000| Untracked 
|  25|0x00000000c7d00000, 0x00000000c7d00000, 0x00000000c7e00000|  0%| F|  |TAMS 0x00000000c7d00000, 0x00000000c7d00000| Untracked 
|  26|0x00000000c7e00000, 0x00000000c7e00000, 0x00000000c7f00000|  0%| F|  |TAMS 0x00000000c7e00000, 0x00000000c7e00000| Untracked 
|  27|0x00000000c7f00000, 0x00000000c7f00000, 0x00000000c8000000|  0%| F|  |TAMS 0x00000000c7f00000, 0x00000000c7f00000| Untracked 
|  28|0x00000000c8000000, 0x00000000c8000000, 0x00000000c8100000|  0%| F|  |TAMS 0x00000000c8000000, 0x00000000c8000000| Untracked 
|  29|0x00000000c8100000, 0x00000000c8100000, 0x00000000c8200000|  0%| F|  |TAMS 0x00000000c8100000, 0x00000000c8100000| Untracked 
|  30|0x00000000c8200000, 0x00000000c8200000, 0x00000000c8300000|  0%| F|  |TAMS 0x00000000c8200000, 0x00000000c8200000| Untracked 
|  31|0x00000000c8300000, 0x00000000c8300000, 0x00000000c8400000|  0%| F|  |TAMS 0x00000000c8300000, 0x00000000c8300000| Untracked 
|  32|0x00000000c8400000, 0x00000000c8400000, 0x00000000c8500000|  0%| F|  |TAMS 0x00000000c8400000, 0x00000000c8400000| Untracked 
|  33|0x00000000c8500000, 0x00000000c8500000, 0x00000000c8600000|  0%| F|  |TAMS 0x00000000c8500000, 0x00000000c8500000| Untracked 
|  34|0x00000000c8600000, 0x00000000c8600000, 0x00000000c8700000|  0%| F|  |TAMS 0x00000000c8600000, 0x00000000c8600000| Untracked 
|  35|0x00000000c8700000, 0x00000000c8700000, 0x00000000c8800000|  0%| F|  |TAMS 0x00000000c8700000, 0x00000000c8700000| Untracked 
|  36|0x00000000c8800000, 0x00000000c8800000, 0x00000000c8900000|  0%| F|  |TAMS 0x00000000c8800000, 0x00000000c8800000| Untracked 
|  37|0x00000000c8900000, 0x00000000c8900000, 0x00000000c8a00000|  0%| F|  |TAMS 0x00000000c8900000, 0x00000000c8900000| Untracked 
|  38|0x00000000c8a00000, 0x00000000c8a00000, 0x00000000c8b00000|  0%| F|  |TAMS 0x00000000c8a00000, 0x00000000c8a00000| Untracked 
|  39|0x00000000c8b00000, 0x00000000c8b00000, 0x00000000c8c00000|  0%| F|  |TAMS 0x00000000c8b00000, 0x00000000c8b00000| Untracked 
|  40|0x00000000c8c00000, 0x00000000c8c00000, 0x00000000c8d00000|  0%| F|  |TAMS 0x00000000c8c00000, 0x00000000c8c00000| Untracked 
|  41|0x00000000c8d00000, 0x00000000c8d00000, 0x00000000c8e00000|  0%| F|  |TAMS 0x00000000c8d00000, 0x00000000c8d00000| Untracked 
|  42|0x00000000c8e00000, 0x00000000c8e00000, 0x00000000c8f00000|  0%| F|  |TAMS 0x00000000c8e00000, 0x00000000c8e00000| Untracked 
|  43|0x00000000c8f00000, 0x00000000c8f00000, 0x00000000c9000000|  0%| F|  |TAMS 0x00000000c8f00000, 0x00000000c8f00000| Untracked 
|  44|0x00000000c9000000, 0x00000000c9000000, 0x00000000c9100000|  0%| F|  |TAMS 0x00000000c9000000, 0x00000000c9000000| Untracked 
|  45|0x00000000c9100000, 0x00000000c9100000, 0x00000000c9200000|  0%| F|  |TAMS 0x00000000c9100000, 0x00000000c9100000| Untracked 
|  46|0x00000000c9200000, 0x00000000c9200000, 0x00000000c9300000|  0%| F|  |TAMS 0x00000000c9200000, 0x00000000c9200000| Untracked 
|  47|0x00000000c9300000, 0x00000000c9300000, 0x00000000c9400000|  0%| F|  |TAMS 0x00000000c9300000, 0x00000000c9300000| Untracked 
|  48|0x00000000c9400000, 0x00000000c9400000, 0x00000000c9500000|  0%| F|  |TAMS 0x00000000c9400000, 0x00000000c9400000| Untracked 
|  49|0x00000000c9500000, 0x00000000c9500000, 0x00000000c9600000|  0%| F|  |TAMS 0x00000000c9500000, 0x00000000c9500000| Untracked 
|  50|0x00000000c9600000, 0x00000000c967c848, 0x00000000c9700000| 48%| S|CS|TAMS 0x00000000c9600000, 0x00000000c9600000| Complete 
|  51|0x00000000c9700000, 0x00000000c9800000, 0x00000000c9800000|100%| S|CS|TAMS 0x00000000c9700000, 0x00000000c9700000| Complete 
|  52|0x00000000c9800000, 0x00000000c9800000, 0x00000000c9900000|  0%| F|  |TAMS 0x00000000c9800000, 0x00000000c9800000| Untracked 
|  53|0x00000000c9900000, 0x00000000c9900000, 0x00000000c9a00000|  0%| F|  |TAMS 0x00000000c9900000, 0x00000000c9900000| Untracked 
|  54|0x00000000c9a00000, 0x00000000c9a00000, 0x00000000c9b00000|  0%| F|  |TAMS 0x00000000c9a00000, 0x00000000c9a00000| Untracked 
|  55|0x00000000c9b00000, 0x00000000c9b00000, 0x00000000c9c00000|  0%| F|  |TAMS 0x00000000c9b00000, 0x00000000c9b00000| Untracked 
|  56|0x00000000c9c00000, 0x00000000c9c00000, 0x00000000c9d00000|  0%| F|  |TAMS 0x00000000c9c00000, 0x00000000c9c00000| Untracked 
|  57|0x00000000c9d00000, 0x00000000c9d00000, 0x00000000c9e00000|  0%| F|  |TAMS 0x00000000c9d00000, 0x00000000c9d00000| Untracked 

Card table byte_map: [0x000002122e140000,0x000002122e310000] _byte_map_base: 0x000002122db0e000

Marking Bits (Prev, Next): (CMBitMap*) 0x0000021214a84ad8, (CMBitMap*) 0x0000021214a84b10
 Prev Bits: [0x000002122e4e0000, 0x000002122f350000)
 Next Bits: [0x000002122f350000, 0x00000212301c0000)

Polling page: 0x00000212148c0000

Metaspace:

Usage:
  Non-class:      9.47 MB capacity,     9.34 MB ( 99%) used,   103.85 KB (  1%) free+waste,    29.13 KB ( <1%) overhead. 
      Class:      1.22 MB capacity,     1.06 MB ( 86%) used,   152.37 KB ( 12%) free+waste,    17.00 KB (  1%) overhead. 
       Both:     10.69 MB capacity,    10.39 MB ( 97%) used,   256.22 KB (  2%) free+waste,    46.13 KB ( <1%) overhead. 

Virtual space:
  Non-class space:       18.00 MB reserved,       9.50 MB ( 53%) committed 
      Class space:        1.00 GB reserved,       1.25 MB ( <1%) committed 
             Both:        1.02 GB reserved,      10.75 MB (  1%) committed 

Chunk freelists:
   Non-Class:  34.00 KB
       Class:  29.00 KB
        Both:  63.00 KB

MaxMetaspaceSize: 17179869184.00 GB
CompressedClassSpaceSize: 1.00 GB

CodeHeap 'non-profiled nmethods': size=120064Kb used=147Kb max_used=147Kb free=119917Kb
 bounds [0x0000021226410000, 0x0000021226680000, 0x000002122d950000]
CodeHeap 'profiled nmethods': size=120000Kb used=893Kb max_used=893Kb free=119107Kb
 bounds [0x000002121eee0000, 0x000002121f150000, 0x0000021226410000]
CodeHeap 'non-nmethods': size=5696Kb used=1120Kb max_used=1129Kb free=4575Kb
 bounds [0x000002121e950000, 0x000002121ebc0000, 0x000002121eee0000]
 total_blobs=999 nmethods=552 adapters=359
 compilation: enabled
              stopped_count=0, restarted_count=0
 full_count=0

Compilation events (20 events):
Event: 0.373 Thread 0x0000021232fb6800 nmethod 540 0x000002121efaf310 code [0x000002121efaf4c0, 0x000002121efaf738]
Event: 0.373 Thread 0x0000021232fb6800  536       3       java.lang.reflect.Modifier::isPublic (12 bytes)
Event: 0.373 Thread 0x0000021232fb6800 nmethod 536 0x000002121efaf810 code [0x000002121efaf9c0, 0x000002121efafaf8]
Event: 0.373 Thread 0x0000021232fb6800  533       3       java.lang.ref.SoftReference::get (29 bytes)
Event: 0.373 Thread 0x0000021232fb6800 nmethod 533 0x000002121efafb90 code [0x000002121efafd40, 0x000002121efaff18]
Event: 0.373 Thread 0x0000021232fb6800  542       3       java.lang.invoke.BootstrapMethodInvoker::maybeReBox (28 bytes)
Event: 0.374 Thread 0x0000021232fb6800 nmethod 542 0x000002121efaff90 code [0x000002121efb0180, 0x000002121efb0758]
Event: 0.374 Thread 0x0000021232fb6800  543       3       sun.invoke.util.VerifyAccess::getClassModifiers (24 bytes)
Event: 0.374 Thread 0x0000021232fb6800 nmethod 543 0x000002121efb0910 code [0x000002121efb0ae0, 0x000002121efb0d08]
Event: 0.374 Thread 0x0000021232fb6800  544       3       java.util.Objects::requireNonNull (15 bytes)
Event: 0.374 Thread 0x0000021232fb6800 nmethod 544 0x000002121efb0e10 code [0x000002121efb0fe0, 0x000002121efb11a8]
Event: 0.375 Thread 0x0000021232fb6800  545       1       java.lang.invoke.InfoFromMemberName::getReferenceKind (5 bytes)
Event: 0.375 Thread 0x0000021232fb6800 nmethod 545 0x0000021226434510 code [0x00000212264346c0, 0x0000021226434778]
Event: 0.375 Thread 0x0000021232fb6800  546       3       java.lang.invoke.MemberName::<init> (47 bytes)
Event: 0.375 Thread 0x0000021232fb6800 nmethod 546 0x000002121efb1290 code [0x000002121efb1480, 0x000002121efb1798]
Event: 0.376 Thread 0x0000021232fb6800  548       3       sun.invoke.util.VerifyAccess::isClassAccessible (182 bytes)
Event: 0.378 Thread 0x0000021232fb6800 nmethod 548 0x000002121efb1910 code [0x000002121efb1cc0, 0x000002121efb3278]
Event: 0.378 Thread 0x0000021232fb6800  549       3       sun.invoke.util.VerifyAccess::isTypeVisible (47 bytes)
Event: 0.378 Thread 0x0000021232fb6800 nmethod 549 0x000002121efb3910 code [0x000002121efb3b00, 0x000002121efb3ed8]
Event: 0.378 Thread 0x0000021232fb6800  550       3       java.lang.invoke.DirectMethodHandle::maybeCompile (24 bytes)

GC Heap History (0 events):
No events

Deoptimization events (4 events):
Event: 0.098 Thread 0x0000021214a55800 Uncommon trap: trap_request=0xffffff4d fr.pc=0x00000212264144fc relative=0x00000000000001dc
Event: 0.098 Thread 0x0000021214a55800 Uncommon trap: reason=unstable_if action=reinterpret pc=0x00000212264144fc method=java.lang.String.hashCode()I @ 14 c2
Event: 0.098 Thread 0x0000021214a55800 DEOPT PACKING pc=0x00000212264144fc sp=0x000000db5a7fd5c0
Event: 0.098 Thread 0x0000021214a55800 DEOPT UNPACKING pc=0x000002121e97662f sp=0x000000db5a7fd558 mode 2

Classes redefined (0 events):
No events

Internal exceptions (15 events):
Event: 0.157 Thread 0x0000021214a55800 Exception <a 'java/lang/ClassNotFoundException'{0x00000000c9c6e328}: sun/awt/resources/spi/awtProvider> (0x00000000c9c6e328) thrown at [./src/hotspot/share/classfile/systemDictionary.cpp, line 231]
Event: 0.215 Thread 0x0000021214a55800 Exception <a 'java/io/FileNotFoundException'{0x00000000c9b07f90}> (0x00000000c9b07f90) thrown at [./src/hotspot/share/prims/jni.cpp, line 615]
Event: 0.236 Thread 0x0000021214a55800 Exception <a 'java/lang/NoSuchMethodError'{0x00000000c9b62ff0}: 'java.lang.Object java.lang.invoke.DirectMethodHandle$Holder.invokeStatic(java.lang.Object, java.lang.Object, java.lang.Object, java.lang.Object, java.lang.Object, java.lang.Object, java.lang.Object, java.lang.Object, java.lang.Object, java.lang.Object, java.lang.Object, java.lang.Object, java.lang.Object, java.lang.Object, java.lang.Object)'> (0x00000000c9b62ff0) thrown at [./src/hotspot/share/interpreter/linkResolver.cpp, line 773]
Event: 0.239 Thread 0x0000021214a55800 Exception <a 'java/lang/NoSuchMethodError'{0x00000000c9b70d60}: 'java.lang.Object java.lang.invoke.DirectMethodHandle$Holder.invokeStatic(java.lang.Object, java.lang.Object, java.lang.Object, java.lang.Object, java.lang.Object, java.lang.Object, java.lang.Object, java.lang.Object, java.lang.Object, java.lang.Object, java.lang.Object, java.lang.Object, java.lang.Object, java.lang.Object, java.lang.Object, java.lang.Object)'> (0x00000000c9b70d60) thrown at [./src/hotspot/share/interpreter/linkResolver.cpp, l
Event: 0.242 Thread 0x0000021214a55800 Exception <a 'java/lang/NoSuchMethodError'{0x00000000c9b7e9d0}: 'java.lang.Object java.lang.invoke.DirectMethodHandle$Holder.invokeSpecial(java.lang.Object, java.lang.Object, int, int, java.lang.Object, java.lang.Object, java.lang.Object)'> (0x00000000c9b7e9d0) thrown at [./src/hotspot/share/interpreter/linkResolver.cpp, line 773]
Event: 0.242 Thread 0x0000021214a55800 Exception <a 'java/lang/NoSuchMethodError'{0x00000000c9b81f60}: 'java.lang.Object java.lang.invoke.DelegatingMethodHandle$Holder.reinvoke_L(java.lang.Object, int, int, java.lang.Object, java.lang.Object, java.lang.Object)'> (0x00000000c9b81f60) thrown at [./src/hotspot/share/interpreter/linkResolver.cpp, line 773]
Event: 0.243 Thread 0x0000021214a55800 Exception <a 'java/lang/NoSuchMethodError'{0x00000000c9b86040}: 'java.lang.Object java.lang.invoke.DirectMethodHandle$Holder.invokeStatic(java.lang.Object, java.lang.Object, java.lang.Object, java.lang.Object, int)'> (0x00000000c9b86040) thrown at [./src/hotspot/share/interpreter/linkResolver.cpp, line 773]
Event: 0.259 Thread 0x0000021214a55800 Exception <a 'java/io/FileNotFoundException'{0x00000000c9be8f18}> (0x00000000c9be8f18) thrown at [./src/hotspot/share/prims/jni.cpp, line 615]
Event: 0.310 Thread 0x00000212335e0000 Exception <a 'java/lang/NoSuchMethodError'{0x00000000c9a94f60}: 'void java.lang.invoke.DirectMethodHandle$Holder.invokeSpecial(java.lang.Object, java.lang.Object)'> (0x00000000c9a94f60) thrown at [./src/hotspot/share/interpreter/linkResolver.cpp, line 773]
Event: 0.315 Thread 0x0000021214a55800 Exception <a 'java/lang/NoSuchMethodError'{0x00000000c9ade428}: 'java.lang.Object java.lang.invoke.DirectMethodHandle$Holder.invokeStatic(java.lang.Object, java.lang.Object, java.lang.Object, java.lang.Object, java.lang.Object, java.lang.Object, java.lang.Object, java.lang.Object, int)'> (0x00000000c9ade428) thrown at [./src/hotspot/share/interpreter/linkResolver.cpp, line 773]
Event: 0.317 Thread 0x0000021214a55800 Exception <a 'java/lang/NoSuchMethodError'{0x00000000c9af8388}: 'java.lang.Object java.lang.invoke.DirectMethodHandle$Holder.invokeStatic(java.lang.Object, java.lang.Object, java.lang.Object, java.lang.Object, java.lang.Object, java.lang.Object, java.lang.Object, java.lang.Object, int, int)'> (0x00000000c9af8388) thrown at [./src/hotspot/share/interpreter/linkResolver.cpp, line 773]
Event: 0.364 Thread 0x0000021214a55800 Exception <a 'java/lang/NoSuchMethodError'{0x00000000c980f678}: 'java.lang.Object java.lang.invoke.DirectMethodHandle$Holder.invokeStatic(java.lang.Object, int, java.lang.Object, java.lang.Object, java.lang.Object, java.lang.Object)'> (0x00000000c980f678) thrown at [./src/hotspot/share/interpreter/linkResolver.cpp, line 773]
Event: 0.364 Thread 0x0000021214a55800 Exception <a 'java/lang/NoSuchMethodError'{0x00000000c9816738}: 'java.lang.Object java.lang.invoke.DirectMethodHandle$Holder.invokeStatic(java.lang.Object, int, java.lang.Object, java.lang.Object, java.lang.Object)'> (0x00000000c9816738) thrown at [./src/hotspot/share/interpreter/linkResolver.cpp, line 773]
Event: 0.365 Thread 0x0000021214a55800 Exception <a 'java/lang/NoSuchMethodError'{0x00000000c981a280}: 'java.lang.Object java.lang.invoke.DirectMethodHandle$Holder.invokeSpecial(java.lang.Object, java.lang.Object, int, java.lang.Object, java.lang.Object, java.lang.Object)'> (0x00000000c981a280) thrown at [./src/hotspot/share/interpreter/linkResolver.cpp, line 773]
Event: 0.367 Thread 0x0000021214a55800 Exception <a 'java/lang/NoSuchMethodError'{0x00000000c9831b60}: 'java.lang.Object java.lang.invoke.DirectMethodHandle$Holder.invokeStatic(java.lang.Object, int, java.lang.Object)'> (0x00000000c9831b60) thrown at [./src/hotspot/share/interpreter/linkResolver.cpp, line 773]

Events (20 events):
Event: 0.362 loading class javax/swing/UIDefaults$ActiveValue
Event: 0.362 loading class javax/swing/UIDefaults$ActiveValue done
Event: 0.362 loading class javax/swing/plaf/InsetsUIResource
Event: 0.362 loading class javax/swing/plaf/InsetsUIResource done
Event: 0.363 loading class javax/swing/plaf/BorderUIResource$EmptyBorderUIResource
Event: 0.363 loading class javax/swing/border/EmptyBorder
Event: 0.363 loading class javax/swing/border/AbstractBorder
Event: 0.363 loading class javax/swing/border/AbstractBorder done
Event: 0.363 loading class javax/swing/border/EmptyBorder done
Event: 0.363 loading class javax/swing/plaf/BorderUIResource$EmptyBorderUIResource done
Event: 0.365 loading class javax/swing/plaf/basic/BasicLookAndFeel$2
Event: 0.365 loading class javax/swing/plaf/basic/BasicLookAndFeel$2 done
Event: 0.366 loading class javax/swing/plaf/DimensionUIResource
Event: 0.366 loading class javax/swing/plaf/DimensionUIResource done
Event: 0.368 loading class javax/swing/UIDefaults$LazyInputMap
Event: 0.368 loading class javax/swing/UIDefaults$LazyInputMap done
Event: 0.369 loading class java/lang/Character$CharacterCache
Event: 0.370 loading class java/lang/Character$CharacterCache done
Event: 0.375 loading class javax/swing/plaf/metal/MetalLookAndFeel$FontActiveValue
Event: 0.375 loading class javax/swing/plaf/metal/MetalLookAndFeel$FontActiveValue done


Dynamic libraries:
0x00007ff622d90000 - 0x00007ff622d9d000 	C:\Program Files\AdoptOpenJDK\jdk-11.0.11.9-hotspot\bin\java.exe
0x00007ffdeac50000 - 0x00007ffdeae45000 	C:\Windows\SYSTEM32\ntdll.dll
0x00007ffde8cc0000 - 0x00007ffde8d7d000 	C:\Windows\System32\KERNEL32.DLL
0x00007ffde83f0000 - 0x00007ffde86b9000 	C:\Windows\System32\KERNELBASE.dll
0x00007ffde8b40000 - 0x00007ffde8c40000 	C:\Windows\System32\ucrtbase.dll
0x00007ffde1620000 - 0x00007ffde1637000 	C:\Program Files\AdoptOpenJDK\jdk-11.0.11.9-hotspot\bin\jli.dll
0x00007ffde1640000 - 0x00007ffde1655000 	C:\Program Files\AdoptOpenJDK\jdk-11.0.11.9-hotspot\bin\VCRUNTIME140.dll
0x00007ffdea0a0000 - 0x00007ffdea240000 	C:\Windows\System32\USER32.dll
0x00007ffde8a00000 - 0x00007ffde8a22000 	C:\Windows\System32\win32u.dll
0x00007ffdc9cc0000 - 0x00007ffdc9f5a000 	C:\Windows\WinSxS\amd64_microsoft.windows.common-controls_6595b64144ccf1df_6.0.19041.1110_none_60b5254171f9507e\COMCTL32.dll
0x00007ffde9680000 - 0x00007ffde96aa000 	C:\Windows\System32\GDI32.dll
0x00007ffdea410000 - 0x00007ffdea4ae000 	C:\Windows\System32\msvcrt.dll
0x00007ffde8a30000 - 0x00007ffde8b3b000 	C:\Windows\System32\gdi32full.dll
0x00007ffde8960000 - 0x00007ffde89fd000 	C:\Windows\System32\msvcp_win.dll
0x00007ffdea300000 - 0x00007ffdea330000 	C:\Windows\System32\IMM32.DLL
0x00007ffdd0900000 - 0x00007ffdd099b000 	C:\Program Files\AdoptOpenJDK\jdk-11.0.11.9-hotspot\bin\msvcp140.dll
0x00007ffda33a0000 - 0x00007ffda3eeb000 	C:\Program Files\AdoptOpenJDK\jdk-11.0.11.9-hotspot\bin\server\jvm.dll
0x00007ffdea600000 - 0x00007ffdea6ac000 	C:\Windows\System32\ADVAPI32.dll
0x00007ffdea730000 - 0x00007ffdea7cb000 	C:\Windows\System32\sechost.dll
0x00007ffde9550000 - 0x00007ffde967a000 	C:\Windows\System32\RPCRT4.dll
0x00007ffdea2f0000 - 0x00007ffdea2f8000 	C:\Windows\System32\PSAPI.DLL
0x00007ffddcbd0000 - 0x00007ffddcbd9000 	C:\Windows\SYSTEM32\WSOCK32.dll
0x00007ffdea4b0000 - 0x00007ffdea51b000 	C:\Windows\System32\WS2_32.dll
0x00007ffdc9c20000 - 0x00007ffdc9c47000 	C:\Windows\SYSTEM32\WINMM.dll
0x00007ffde2ee0000 - 0x00007ffde2eea000 	C:\Windows\SYSTEM32\VERSION.dll
0x00007ffde6ca0000 - 0x00007ffde6cb2000 	C:\Windows\SYSTEM32\kernel.appcore.dll
0x00007ffde2c80000 - 0x00007ffde2c90000 	C:\Program Files\AdoptOpenJDK\jdk-11.0.11.9-hotspot\bin\verify.dll
0x00007ffde61c0000 - 0x00007ffde63a4000 	C:\Windows\SYSTEM32\DBGHELP.DLL
0x00007ffde04f0000 - 0x00007ffde051c000 	C:\Windows\SYSTEM32\dbgcore.DLL
0x00007ffde88d0000 - 0x00007ffde8953000 	C:\Windows\System32\bcryptPrimitives.dll
0x00007ffddeaf0000 - 0x00007ffddeb18000 	C:\Program Files\AdoptOpenJDK\jdk-11.0.11.9-hotspot\bin\java.dll
0x00007ffde27e0000 - 0x00007ffde27ea000 	C:\Program Files\AdoptOpenJDK\jdk-11.0.11.9-hotspot\bin\jimage.dll
0x00007ffde1450000 - 0x00007ffde1467000 	C:\Program Files\AdoptOpenJDK\jdk-11.0.11.9-hotspot\bin\zip.dll
0x00007ffde8d80000 - 0x00007ffde94bf000 	C:\Windows\System32\SHELL32.dll
0x00007ffde64a0000 - 0x00007ffde6c31000 	C:\Windows\SYSTEM32\windows.storage.dll
0x00007ffde9d10000 - 0x00007ffdea065000 	C:\Windows\System32\combase.dll
0x00007ffde7d30000 - 0x00007ffde7d5c000 	C:\Windows\SYSTEM32\Wldp.dll
0x00007ffdea240000 - 0x00007ffdea2ee000 	C:\Windows\System32\SHCORE.dll
0x00007ffde9cb0000 - 0x00007ffde9d05000 	C:\Windows\System32\shlwapi.dll
0x00007ffde82d0000 - 0x00007ffde82ef000 	C:\Windows\SYSTEM32\profapi.dll
0x00007ffde13e0000 - 0x00007ffde13f9000 	C:\Program Files\AdoptOpenJDK\jdk-11.0.11.9-hotspot\bin\net.dll
0x00007ffdddc60000 - 0x00007ffdddd6a000 	C:\Windows\SYSTEM32\WINHTTP.dll
0x00007ffde7a90000 - 0x00007ffde7afa000 	C:\Windows\system32\mswsock.dll
0x00007ffdde960000 - 0x00007ffdde972000 	C:\Program Files\AdoptOpenJDK\jdk-11.0.11.9-hotspot\bin\nio.dll
0x00007ffdd9e60000 - 0x00007ffdd9ff9000 	C:\Program Files\AdoptOpenJDK\jdk-11.0.11.9-hotspot\bin\awt.dll
0x00007ffdea520000 - 0x00007ffdea5ed000 	C:\Windows\System32\OLEAUT32.dll
0x00007ffde5880000 - 0x00007ffde5910000 	C:\Windows\SYSTEM32\apphelp.dll
0x00007ffde5e10000 - 0x00007ffde5e3f000 	C:\Windows\system32\DWMAPI.DLL
0x00007ffde5a40000 - 0x00007ffde5ade000 	C:\Windows\system32\uxtheme.dll
0x00007ffdcb1d0000 - 0x00007ffdcb2f5000 	C:\Windows\system32\opengl32.dll
0x00007ffdd07f0000 - 0x00007ffdd081c000 	C:\Windows\SYSTEM32\GLU32.dll
0x00007ffdeaa90000 - 0x00007ffdeaba5000 	C:\Windows\System32\MSCTF.dll
0x00007ffde9710000 - 0x00007ffde983a000 	C:\Windows\System32\ole32.dll

dbghelp: loaded successfully - version: 4.0.5 - missing functions: none
symbol engine: initialized successfully - sym options: 0x614 - pdb path: .;C:\Program Files\AdoptOpenJDK\jdk-11.0.11.9-hotspot\bin;C:\Windows\SYSTEM32;C:\Windows\WinSxS\amd64_microsoft.windows.common-controls_6595b64144ccf1df_6.0.19041.1110_none_60b5254171f9507e;C:\Program Files\AdoptOpenJDK\jdk-11.0.11.9-hotspot\bin\server

VM Arguments:
jvm_args: -Dfile.encoding=UTF-8 
java_command: miprimerproyecto53.MiPrimerProyecto53
java_class_path (initial): C:\Users\Udenar\Downloads\sqlite-jdbc-3.36.0.1.jar;C:\Users\Udenar\Desktop\Programacion\MiPrimerProyecto53\build\classes
Launcher Type: SUN_STANDARD

[Global flags]
     intx CICompilerCount                          = 3                                         {product} {ergonomic}
     uint ConcGCThreads                            = 1                                         {product} {ergonomic}
     uint G1ConcRefinementThreads                  = 4                                         {product} {ergonomic}
   size_t G1HeapRegionSize                         = 1048576                                   {product} {ergonomic}
    uintx GCDrainStackTargetSize                   = 64                                        {product} {ergonomic}
   size_t InitialHeapSize                          = 60817408                                  {product} {ergonomic}
   size_t MarkStackSize                            = 4194304                                   {product} {ergonomic}
   size_t MaxHeapSize                              = 968884224                                 {product} {ergonomic}
   size_t MaxNewSize                               = 580911104                                 {product} {ergonomic}
   size_t MinHeapDeltaBytes                        = 1048576                                   {product} {ergonomic}
    uintx NonNMethodCodeHeapSize                   = 5830732                                {pd product} {ergonomic}
    uintx NonProfiledCodeHeapSize                  = 122913754                              {pd product} {ergonomic}
    uintx ProfiledCodeHeapSize                     = 122913754                              {pd product} {ergonomic}
    uintx ReservedCodeCacheSize                    = 251658240                              {pd product} {ergonomic}
     bool SegmentedCodeCache                       = true                                      {product} {ergonomic}
     bool UseCompressedClassPointers               = true                                 {lp64_product} {ergonomic}
     bool UseCompressedOops                        = true                                 {lp64_product} {ergonomic}
     bool UseG1GC                                  = true                                      {product} {ergonomic}
     bool UseLargePagesIndividualAllocation        = false                                  {pd product} {ergonomic}

Logging:
Log output configuration:
 #0: stdout all=warning uptime,level,tags
 #1: stderr all=off uptime,level,tags

Environment Variables:
JAVA_HOME=C:\Program Files\AdoptOpenJDK\jdk-11.0.11.9-hotspot\
PATH=C:\Program Files\AdoptOpenJDK\jdk-11.0.11.9-hotspot\bin;C:\apache-maven-3.8.1\bin;C:\Windows\system32;C:\Windows;C:\Windows\System32\Wbem;C:\Windows\System32\WindowsPowerShell\v1.0\;C:\Windows\System32\OpenSSH\;C:\Program Files\Git\cmd;C:\Program Files\Git\mingw64\bin;C:\Program Files\Git\usr\bin;C:\SQLite3;C:\Users\Udenar\AppData\Local\Programs\Python\Python39\Scripts\;C:\Users\Udenar\AppData\Local\Programs\Python\Python39\;C:\Users\Udenar\AppData\Local\Programs\Python\Python39;C:\Users\Udenar\AppData\Local\Microsoft\WindowsApps;C:\Users\Udenar\AppData\Local\Programs\Microsoft VS Code\bin;
USERNAME=Udenar
OS=Windows_NT
PROCESSOR_IDENTIFIER=Intel64 Family 6 Model 142 Stepping 12, GenuineIntel



---------------  S Y S T E M  ---------------

OS: Windows 10 , 64 bit Build 19041 (10.0.19041.1023)
OS uptime: 29 days 5:04 hours

CPU:total 4 (initial active 4) (2 cores per cpu, 2 threads per core) family 6 model 142 stepping 12 microcode 0xde, cmov, cx8, fxsr, mmx, sse, sse2, sse3, ssse3, sse4.1, sse4.2, popcnt, avx, avx2, aes, clmul, erms, 3dnowpref, lzcnt, ht, tsc, tscinvbit, bmi1, bmi2, adx, fma

Memory: 4k page, system-wide physical 3690M (431M free)
TotalPageFile size 11882M (AvailPageFile size 2M)
current process WorkingSet (physical memory assigned to process): 52M, peak: 52M
current process commit charge ("private bytes"): 136M, peak: 137M

vm_info: OpenJDK 64-Bit Server VM (11.0.11+9) for windows-amd64 JRE (11.0.11+9), built on Apr 20 2021 21:22:09 by "" with MS VC++ 15.9 (VS2017)

END.
