#
# There is insufficient memory for the Java Runtime Environment to continue.
# Native memory allocation (malloc) failed to allocate 2318896 bytes for Chunk::new
# Possible reasons:
#   The system is out of physical RAM or swap space
#   The process is running with CompressedOops enabled, and the Java Heap may be blocking the growth of the native heap
# Possible solutions:
#   Reduce memory load on the system
#   Increase physical memory or swap space
#   Check if swap backing store is full
#   Decrease Java heap size (-Xmx/-Xms)
#   Decrease number of Java threads
#   Decrease Java thread stack sizes (-Xss)
#   Set larger code cache with -XX:ReservedCodeCacheSize=
#   JVM is running with Unscaled Compressed Oops mode in which the Java heap is
#     placed in the first 4GB address space. The Java Heap base address is the
#     maximum limit for the native heap growth. Please use -XX:HeapBaseMinAddress
#     to set the Java Heap base and to place the Java Heap above 4GB virtual address.
# This output file may be truncated or incomplete.
#
#  Out of Memory Error (./src/hotspot/share/memory/arena.cpp:197), pid=13136, tid=2888
#
# JRE version: OpenJDK Runtime Environment AdoptOpenJDK-11.0.11+9 (11.0.11+9) (build 11.0.11+9)
# Java VM: OpenJDK 64-Bit Server VM AdoptOpenJDK-11.0.11+9 (11.0.11+9, mixed mode, tiered, compressed oops, g1 gc, windows-amd64)
# No core dump will be written. Minidumps are not enabled by default on client versions of Windows
#

---------------  S U M M A R Y ------------

Command Line: -Dfile.encoding=UTF-8 vista.ProyectoConstruccionGui

Host: Intel(R) Core(TM) i3-10110U CPU @ 2.10GHz, 4 cores, 3G,  Windows 10 , 64 bit Build 19041 (10.0.19041.1023)
Time: Sat Aug 14 12:18:43 2021 Hora est. Pacífico, Sudamérica elapsed time: 5.001032 seconds (0d 0h 0m 5s)

---------------  T H R E A D  ---------------

Current thread (0x000002387f9d0800):  JavaThread "C2 CompilerThread0" daemon [_thread_in_native, id=2888, stack(0x000000b9a7700000,0x000000b9a7800000)]


Current CompileTask:
C2:   5001 1905       4       javax.swing.plaf.nimbus.NimbusStyle::validate (1147 bytes)

Stack: [0x000000b9a7700000,0x000000b9a7800000]
Native frames: (J=compiled Java code, j=interpreted, Vv=VM code, C=native code)
V  [jvm.dll+0x5f7e5a]
V  [jvm.dll+0x77ff2e]
V  [jvm.dll+0x7815ff]
V  [jvm.dll+0x781cc3]
V  [jvm.dll+0x247408]
V  [jvm.dll+0xbe69c]
V  [jvm.dll+0xbed9c]
V  [jvm.dll+0x34cb02]
V  [jvm.dll+0x31a653]
V  [jvm.dll+0x31998a]
V  [jvm.dll+0x200d85]
V  [jvm.dll+0x1fff6f]
V  [jvm.dll+0x184f1c]
V  [jvm.dll+0x20f3e7]
V  [jvm.dll+0x20d5cb]
V  [jvm.dll+0x7442f9]
V  [jvm.dll+0x73d364]
V  [jvm.dll+0x5f6cd6]
C  [ucrtbase.dll+0x21bb2]
C  [KERNEL32.DLL+0x17034]
C  [ntdll.dll+0x52651]


---------------  P R O C E S S  ---------------

Threads class SMR info:
_java_thread_list=0x00000238110dba80, length=15, elements={
0x000002387f971800, 0x000002387f97b000, 0x000002387f9c8800, 0x000002387f9c9800,
0x000002387f9cb800, 0x000002387f9d0800, 0x000002387fb02800, 0x000002387fb65000,
0x000002387fc7b000, 0x000002380f8f7800, 0x000002380f8fb000, 0x000002380f8fe000,
0x000002380fffe000, 0x0000023872407800, 0x000002380f9b4000
}

Java Threads: ( => current thread )
  0x000002387f971800 JavaThread "Reference Handler" daemon [_thread_blocked, id=9568, stack(0x000000b9a7200000,0x000000b9a7300000)]
  0x000002387f97b000 JavaThread "Finalizer" daemon [_thread_blocked, id=3060, stack(0x000000b9a7300000,0x000000b9a7400000)]
  0x000002387f9c8800 JavaThread "Signal Dispatcher" daemon [_thread_blocked, id=15060, stack(0x000000b9a7400000,0x000000b9a7500000)]
  0x000002387f9c9800 JavaThread "Attach Listener" daemon [_thread_blocked, id=12032, stack(0x000000b9a7500000,0x000000b9a7600000)]
  0x000002387f9cb800 JavaThread "Service Thread" daemon [_thread_blocked, id=6940, stack(0x000000b9a7600000,0x000000b9a7700000)]
=>0x000002387f9d0800 JavaThread "C2 CompilerThread0" daemon [_thread_in_native, id=2888, stack(0x000000b9a7700000,0x000000b9a7800000)]
  0x000002387fb02800 JavaThread "C1 CompilerThread0" daemon [_thread_blocked, id=9800, stack(0x000000b9a7800000,0x000000b9a7900000)]
  0x000002387fb65000 JavaThread "Sweeper thread" daemon [_thread_blocked, id=6344, stack(0x000000b9a7900000,0x000000b9a7a00000)]
  0x000002387fc7b000 JavaThread "Common-Cleaner" daemon [_thread_blocked, id=12992, stack(0x000000b9a7b00000,0x000000b9a7c00000)]
  0x000002380f8f7800 JavaThread "Java2D Disposer" daemon [_thread_blocked, id=6212, stack(0x000000b9a7c00000,0x000000b9a7d00000)]
  0x000002380f8fb000 JavaThread "AWT-Shutdown" [_thread_blocked, id=5892, stack(0x000000b9a7d00000,0x000000b9a7e00000)]
  0x000002380f8fe000 JavaThread "AWT-Windows" daemon [_thread_in_native, id=7544, stack(0x000000b9a7e00000,0x000000b9a7f00000)]
  0x000002380fffe000 JavaThread "AWT-EventQueue-0" [_thread_blocked, id=13828, stack(0x000000b9a7f00000,0x000000b9a8000000)]
  0x0000023872407800 JavaThread "DestroyJavaVM" [_thread_blocked, id=13728, stack(0x000000b9a6b00000,0x000000b9a6c00000)]
  0x000002380f9b4000 JavaThread "TimerQueue" daemon [_thread_blocked, id=3708, stack(0x000000b9a8600000,0x000000b9a8700000)]

Other Threads:
  0x000002387f94b800 VMThread "VM Thread" [stack: 0x000000b9a7100000,0x000000b9a7200000] [id=15256]
  0x000002387fc6e800 WatcherThread [stack: 0x000000b9a7a00000,0x000000b9a7b00000] [id=2556]
  0x0000023872421800 GCTaskThread "GC Thread#0" [stack: 0x000000b9a6c00000,0x000000b9a6d00000] [id=10356]
  0x000002380fdc2800 GCTaskThread "GC Thread#1" [stack: 0x000000b9a8100000,0x000000b9a8200000] [id=5092]
  0x000002380fdc3000 GCTaskThread "GC Thread#2" [stack: 0x000000b9a8200000,0x000000b9a8300000] [id=10676]
  0x000002380fdc4000 GCTaskThread "GC Thread#3" [stack: 0x000000b9a8300000,0x000000b9a8400000] [id=5856]
  0x000002387243a000 ConcurrentGCThread "G1 Main Marker" [stack: 0x000000b9a6d00000,0x000000b9a6e00000] [id=8836]
  0x000002387243d000 ConcurrentGCThread "G1 Conc#0" [stack: 0x000000b9a6e00000,0x000000b9a6f00000] [id=12772]
  0x00000238724c2000 ConcurrentGCThread "G1 Refine#0" [stack: 0x000000b9a6f00000,0x000000b9a7000000] [id=7928]
  0x000002387fdb7800 ConcurrentGCThread "G1 Refine#1" [stack: 0x000000b9a8400000,0x000000b9a8500000] [id=10584]
  0x000002380f8e0000 ConcurrentGCThread "G1 Refine#2" [stack: 0x000000b9a8500000,0x000000b9a8600000] [id=13380]
  0x00000238724c3000 ConcurrentGCThread "G1 Young RemSet Sampling" [stack: 0x000000b9a7000000,0x000000b9a7100000] [id=14324]

Threads with active compile tasks:
C2 CompilerThread0   5051 1905       4       javax.swing.plaf.nimbus.NimbusStyle::validate (1147 bytes)

VM state:not at safepoint (normal execution)

VM Mutex/Monitor currently owned by a thread: None

Heap address: 0x00000000c6400000, size: 924 MB, Compressed Oops mode: 32-bit
Narrow klass base: 0x0000000000000000, Narrow klass shift: 3
Compressed class space size: 1073741824 Address: 0x0000000100000000

Heap:
 garbage-first heap   total 59392K, used 14661K [0x00000000c6400000, 0x0000000100000000)
  region size 1024K, 8 young (8192K), 1 survivors (1024K)
 Metaspace       used 20794K, capacity 21264K, committed 21504K, reserved 1069056K
  class space    used 2250K, capacity 2498K, committed 2560K, reserved 1048576K
Heap Regions: E=young(eden), S=young(survivor), O=old, HS=humongous(starts), HC=humongous(continues), CS=collection set, F=free, A=archive, TAMS=top-at-mark-start (previous, next)
|   0|0x00000000c6400000, 0x00000000c6400000, 0x00000000c6500000|  0%| F|  |TAMS 0x00000000c6400000, 0x00000000c6400000| Untracked 
|   1|0x00000000c6500000, 0x00000000c6500000, 0x00000000c6600000|  0%| F|  |TAMS 0x00000000c6500000, 0x00000000c6500000| Untracked 
|   2|0x00000000c6600000, 0x00000000c6600000, 0x00000000c6700000|  0%| F|  |TAMS 0x00000000c6600000, 0x00000000c6600000| Untracked 
|   3|0x00000000c6700000, 0x00000000c6700000, 0x00000000c6800000|  0%| F|  |TAMS 0x00000000c6700000, 0x00000000c6700000| Untracked 
|   4|0x00000000c6800000, 0x00000000c6800000, 0x00000000c6900000|  0%| F|  |TAMS 0x00000000c6800000, 0x00000000c6800000| Untracked 
|   5|0x00000000c6900000, 0x00000000c6a00000, 0x00000000c6a00000|100%| O|  |TAMS 0x00000000c6a00000, 0x00000000c6900000| Untracked 
|   6|0x00000000c6a00000, 0x00000000c6b00000, 0x00000000c6b00000|100%| O|  |TAMS 0x00000000c6b00000, 0x00000000c6a00000| Untracked 
|   7|0x00000000c6b00000, 0x00000000c6c00000, 0x00000000c6c00000|100%|HS|  |TAMS 0x00000000c6c00000, 0x00000000c6b00000| Complete 
|   8|0x00000000c6c00000, 0x00000000c6d00000, 0x00000000c6d00000|100%|HC|  |TAMS 0x00000000c6d00000, 0x00000000c6c00000| Complete 
|   9|0x00000000c6d00000, 0x00000000c6e00000, 0x00000000c6e00000|100%|HC|  |TAMS 0x00000000c6e00000, 0x00000000c6d00000| Complete 
|  10|0x00000000c6e00000, 0x00000000c6f00000, 0x00000000c6f00000|100%|HC|  |TAMS 0x00000000c6f00000, 0x00000000c6e00000| Complete 
|  11|0x00000000c6f00000, 0x00000000c7000000, 0x00000000c7000000|100%| O|  |TAMS 0x00000000c7000000, 0x00000000c6f00000| Untracked 
|  12|0x00000000c7000000, 0x00000000c7100000, 0x00000000c7100000|100%| O|  |TAMS 0x00000000c7100000, 0x00000000c7000000| Untracked 
|  13|0x00000000c7100000, 0x00000000c7115400, 0x00000000c7200000|  8%| O|  |TAMS 0x00000000c7115400, 0x00000000c7100000| Untracked 
|  14|0x00000000c7200000, 0x00000000c7200000, 0x00000000c7300000|  0%| F|  |TAMS 0x00000000c7200000, 0x00000000c7200000| Untracked 
|  15|0x00000000c7300000, 0x00000000c7300000, 0x00000000c7400000|  0%| F|  |TAMS 0x00000000c7300000, 0x00000000c7300000| Untracked 
|  16|0x00000000c7400000, 0x00000000c7400000, 0x00000000c7500000|  0%| F|  |TAMS 0x00000000c7400000, 0x00000000c7400000| Untracked 
|  17|0x00000000c7500000, 0x00000000c7500000, 0x00000000c7600000|  0%| F|  |TAMS 0x00000000c7500000, 0x00000000c7500000| Untracked 
|  18|0x00000000c7600000, 0x00000000c7600000, 0x00000000c7700000|  0%| F|  |TAMS 0x00000000c7600000, 0x00000000c7600000| Untracked 
|  19|0x00000000c7700000, 0x00000000c7700000, 0x00000000c7800000|  0%| F|  |TAMS 0x00000000c7700000, 0x00000000c7700000| Untracked 
|  20|0x00000000c7800000, 0x00000000c7800000, 0x00000000c7900000|  0%| F|  |TAMS 0x00000000c7800000, 0x00000000c7800000| Untracked 
|  21|0x00000000c7900000, 0x00000000c7900000, 0x00000000c7a00000|  0%| F|  |TAMS 0x00000000c7900000, 0x00000000c7900000| Untracked 
|  22|0x00000000c7a00000, 0x00000000c7a00000, 0x00000000c7b00000|  0%| F|  |TAMS 0x00000000c7a00000, 0x00000000c7a00000| Untracked 
|  23|0x00000000c7b00000, 0x00000000c7b00000, 0x00000000c7c00000|  0%| F|  |TAMS 0x00000000c7b00000, 0x00000000c7b00000| Untracked 
|  24|0x00000000c7c00000, 0x00000000c7c00000, 0x00000000c7d00000|  0%| F|  |TAMS 0x00000000c7c00000, 0x00000000c7c00000| Untracked 
|  25|0x00000000c7d00000, 0x00000000c7d00000, 0x00000000c7e00000|  0%| F|  |TAMS 0x00000000c7d00000, 0x00000000c7d00000| Untracked 
|  26|0x00000000c7e00000, 0x00000000c7e00000, 0x00000000c7f00000|  0%| F|  |TAMS 0x00000000c7e00000, 0x00000000c7e00000| Untracked 
|  27|0x00000000c7f00000, 0x00000000c7f00000, 0x00000000c8000000|  0%| F|  |TAMS 0x00000000c7f00000, 0x00000000c7f00000| Untracked 
|  28|0x00000000c8000000, 0x00000000c8000000, 0x00000000c8100000|  0%| F|  |TAMS 0x00000000c8000000, 0x00000000c8000000| Untracked 
|  29|0x00000000c8100000, 0x00000000c8100000, 0x00000000c8200000|  0%| F|  |TAMS 0x00000000c8100000, 0x00000000c8100000| Untracked 
|  30|0x00000000c8200000, 0x00000000c8200000, 0x00000000c8300000|  0%| F|  |TAMS 0x00000000c8200000, 0x00000000c8200000| Untracked 
|  31|0x00000000c8300000, 0x00000000c8300000, 0x00000000c8400000|  0%| F|  |TAMS 0x00000000c8300000, 0x00000000c8300000| Untracked 
|  32|0x00000000c8400000, 0x00000000c8400000, 0x00000000c8500000|  0%| F|  |TAMS 0x00000000c8400000, 0x00000000c8400000| Untracked 
|  33|0x00000000c8500000, 0x00000000c8500000, 0x00000000c8600000|  0%| F|  |TAMS 0x00000000c8500000, 0x00000000c8500000| Untracked 
|  34|0x00000000c8600000, 0x00000000c8600000, 0x00000000c8700000|  0%| F|  |TAMS 0x00000000c8600000, 0x00000000c8600000| Untracked 
|  35|0x00000000c8700000, 0x00000000c8700000, 0x00000000c8800000|  0%| F|  |TAMS 0x00000000c8700000, 0x00000000c8700000| Untracked 
|  36|0x00000000c8800000, 0x00000000c8800000, 0x00000000c8900000|  0%| F|  |TAMS 0x00000000c8800000, 0x00000000c8800000| Untracked 
|  37|0x00000000c8900000, 0x00000000c8900000, 0x00000000c8a00000|  0%| F|  |TAMS 0x00000000c8900000, 0x00000000c8900000| Untracked 
|  38|0x00000000c8a00000, 0x00000000c8a00000, 0x00000000c8b00000|  0%| F|  |TAMS 0x00000000c8a00000, 0x00000000c8a00000| Untracked 
|  39|0x00000000c8b00000, 0x00000000c8b00000, 0x00000000c8c00000|  0%| F|  |TAMS 0x00000000c8b00000, 0x00000000c8b00000| Untracked 
|  40|0x00000000c8c00000, 0x00000000c8c00000, 0x00000000c8d00000|  0%| F|  |TAMS 0x00000000c8c00000, 0x00000000c8c00000| Untracked 
|  41|0x00000000c8d00000, 0x00000000c8d00000, 0x00000000c8e00000|  0%| F|  |TAMS 0x00000000c8d00000, 0x00000000c8d00000| Untracked 
|  42|0x00000000c8e00000, 0x00000000c8e00000, 0x00000000c8f00000|  0%| F|  |TAMS 0x00000000c8e00000, 0x00000000c8e00000| Untracked 
|  43|0x00000000c8f00000, 0x00000000c8f00000, 0x00000000c9000000|  0%| F|  |TAMS 0x00000000c8f00000, 0x00000000c8f00000| Untracked 
|  44|0x00000000c9000000, 0x00000000c9000000, 0x00000000c9100000|  0%| F|  |TAMS 0x00000000c9000000, 0x00000000c9000000| Untracked 
|  45|0x00000000c9100000, 0x00000000c9100000, 0x00000000c9200000|  0%| F|  |TAMS 0x00000000c9100000, 0x00000000c9100000| Untracked 
|  46|0x00000000c9200000, 0x00000000c9200000, 0x00000000c9300000|  0%| F|  |TAMS 0x00000000c9200000, 0x00000000c9200000| Untracked 
|  47|0x00000000c9300000, 0x00000000c9300000, 0x00000000c9400000|  0%| F|  |TAMS 0x00000000c9300000, 0x00000000c9300000| Untracked 
|  48|0x00000000c9400000, 0x00000000c9400000, 0x00000000c9500000|  0%| F|  |TAMS 0x00000000c9400000, 0x00000000c9400000| Untracked 
|  49|0x00000000c9500000, 0x00000000c9500000, 0x00000000c9600000|  0%| F|  |TAMS 0x00000000c9500000, 0x00000000c9500000| Untracked 
|  50|0x00000000c9600000, 0x00000000c969e140, 0x00000000c9700000| 61%| E|  |TAMS 0x00000000c9600000, 0x00000000c9600000| Complete 
|  51|0x00000000c9700000, 0x00000000c9800000, 0x00000000c9800000|100%| E|CS|TAMS 0x00000000c9700000, 0x00000000c9700000| Complete 
|  52|0x00000000c9800000, 0x00000000c9900000, 0x00000000c9900000|100%| E|CS|TAMS 0x00000000c9800000, 0x00000000c9800000| Complete 
|  53|0x00000000c9900000, 0x00000000c9a00000, 0x00000000c9a00000|100%| E|CS|TAMS 0x00000000c9900000, 0x00000000c9900000| Complete 
|  54|0x00000000c9a00000, 0x00000000c9a3c360, 0x00000000c9b00000| 23%| S|CS|TAMS 0x00000000c9a00000, 0x00000000c9a00000| Complete 
|  55|0x00000000c9b00000, 0x00000000c9c00000, 0x00000000c9c00000|100%| E|CS|TAMS 0x00000000c9b00000, 0x00000000c9b00000| Complete 
|  56|0x00000000c9c00000, 0x00000000c9d00000, 0x00000000c9d00000|100%| E|CS|TAMS 0x00000000c9c00000, 0x00000000c9c00000| Complete 
|  57|0x00000000c9d00000, 0x00000000c9e00000, 0x00000000c9e00000|100%| E|CS|TAMS 0x00000000c9d00000, 0x00000000c9d00000| Complete 

Card table byte_map: [0x000002387b310000,0x000002387b4e0000] _byte_map_base: 0x000002387acde000

Marking Bits (Prev, Next): (CMBitMap*) 0x0000023872435a00, (CMBitMap*) 0x00000238724359c8
 Prev Bits: [0x000002387c520000, 0x000002387d390000)
 Next Bits: [0x000002387b6b0000, 0x000002387c520000)

Polling page: 0x0000023870be0000

Metaspace:

Usage:
  Non-class:     18.33 MB capacity,    18.11 MB ( 99%) used,   169.32 KB ( <1%) free+waste,    52.19 KB ( <1%) overhead. 
      Class:      2.44 MB capacity,     2.20 MB ( 90%) used,   220.73 KB (  9%) free+waste,    27.00 KB (  1%) overhead. 
       Both:     20.77 MB capacity,    20.31 MB ( 98%) used,   390.05 KB (  2%) free+waste,    79.19 KB ( <1%) overhead. 

Virtual space:
  Non-class space:       20.00 MB reserved,      18.50 MB ( 93%) committed 
      Class space:        1.00 GB reserved,       2.50 MB ( <1%) committed 
             Both:        1.02 GB reserved,      21.00 MB (  2%) committed 

Chunk freelists:
   Non-Class:  50.00 KB
       Class:  30.00 KB
        Both:  80.00 KB

MaxMetaspaceSize: 17179869184.00 GB
CompressedClassSpaceSize: 1.00 GB

CodeHeap 'non-profiled nmethods': size=120064Kb used=584Kb max_used=584Kb free=119480Kb
 bounds [0x0000023807ac0000, 0x0000023807d30000, 0x000002380f000000]
CodeHeap 'profiled nmethods': size=120000Kb used=3900Kb max_used=3900Kb free=116099Kb
 bounds [0x0000023800590000, 0x0000023800960000, 0x0000023807ac0000]
CodeHeap 'non-nmethods': size=5696Kb used=1242Kb max_used=1256Kb free=4453Kb
 bounds [0x0000023800000000, 0x0000023800270000, 0x0000023800590000]
 total_blobs=2615 nmethods=1982 adapters=544
 compilation: enabled
              stopped_count=0, restarted_count=0
 full_count=0

Compilation events (20 events):
Event: 4.871 Thread 0x000002387fb02800 1985       1       javax.swing.table.JTableHeader::getDefaultRenderer (5 bytes)
Event: 4.871 Thread 0x000002387fb02800 nmethod 1985 0x0000023807b51210 code [0x0000023807b513c0, 0x0000023807b51478]
Event: 4.871 Thread 0x000002387fb02800 1986       1       javax.swing.JTable::getTableHeader (5 bytes)
Event: 4.872 Thread 0x000002387fb02800 nmethod 1986 0x0000023807b51510 code [0x0000023807b516c0, 0x0000023807b51778]
Event: 4.872 Thread 0x000002387fb02800 1987       1       java.awt.image.SampleModel::getNumBands (5 bytes)
Event: 4.872 Thread 0x000002387fb02800 nmethod 1987 0x0000023807b51810 code [0x0000023807b519c0, 0x0000023807b51a78]
Event: 4.872 Thread 0x000002387fb02800 1988       2       sun.java2d.SunGraphics2D::setPaint (158 bytes)
Event: 4.874 Thread 0x000002387fb02800 nmethod 1988 0x000002380094ae90 code [0x000002380094b080, 0x000002380094b508]
Event: 4.874 Thread 0x000002387fb02800 1989 %     3       sun.java2d.marlin.DRenderer::_endRendering @ 784 (2480 bytes)
Event: 4.889 Thread 0x000002387fb02800 nmethod 1989% 0x000002380094b690 code [0x000002380094bc40, 0x0000023800951288]
Event: 4.889 Thread 0x000002387fb02800 1990       3       sun.java2d.marlin.IntArrayCache$Reference::putArray (55 bytes)
Event: 4.890 Thread 0x000002387fb02800 nmethod 1990 0x0000023800954b90 code [0x0000023800954da0, 0x00000238009552e8]
Event: 4.890 Thread 0x000002387fb02800 1991       2       sun.java2d.marlin.MarlinTileGenerator::nextTile (100 bytes)
Event: 4.891 Thread 0x000002387fb02800 nmethod 1991 0x0000023800955590 code [0x0000023800955760, 0x0000023800955918]
Event: 4.934 Thread 0x000002387fb02800 1993       2       sun.awt.EventQueueItem::<init> (10 bytes)
Event: 4.934 Thread 0x000002387fb02800 nmethod 1993 0x0000023800955a10 code [0x0000023800955bc0, 0x0000023800955cf8]
Event: 4.939 Thread 0x000002387fb02800 1995       2       sun.java2d.marlin.DRenderer::lineTo (41 bytes)
Event: 4.940 Thread 0x000002387fb02800 nmethod 1995 0x0000023800955d90 code [0x0000023800955f80, 0x0000023800956128]
Event: 4.940 Thread 0x000002387fb02800 1996 %     3       sun.java2d.marlin.DRenderer::_endRendering @ 1927 (2480 bytes)
Event: 4.951 Thread 0x000002387fb02800 nmethod 1996% 0x0000023800956210 code [0x00000238009567c0, 0x000002380095b9c8]

GC Heap History (6 events):
Event: 1.644 GC heap before
{Heap before GC invocations=0 (full 0):
 garbage-first heap   total 59392K, used 19456K [0x00000000c6400000, 0x0000000100000000)
  region size 1024K, 14 young (14336K), 0 survivors (0K)
 Metaspace       used 19958K, capacity 20461K, committed 20736K, reserved 1067008K
  class space    used 2219K, capacity 2465K, committed 2560K, reserved 1048576K
}
Event: 1.654 GC heap after
{Heap after GC invocations=1 (full 0):
 garbage-first heap   total 59392K, used 9116K [0x00000000c6400000, 0x0000000100000000)
  region size 1024K, 2 young (2048K), 2 survivors (2048K)
 Metaspace       used 19958K, capacity 20461K, committed 20736K, reserved 1067008K
  class space    used 2219K, capacity 2465K, committed 2560K, reserved 1048576K
}
Event: 4.511 GC heap before
{Heap before GC invocations=1 (full 0):
 garbage-first heap   total 59392K, used 15260K [0x00000000c6400000, 0x0000000100000000)
  region size 1024K, 4 young (4096K), 2 survivors (2048K)
 Metaspace       used 20563K, capacity 21072K, committed 21248K, reserved 1069056K
  class space    used 2250K, capacity 2498K, committed 2560K, reserved 1048576K
}
Event: 4.520 GC heap after
{Heap after GC invocations=2 (full 0):
 garbage-first heap   total 59392K, used 13814K [0x00000000c6400000, 0x0000000100000000)
  region size 1024K, 1 young (1024K), 1 survivors (1024K)
 Metaspace       used 20563K, capacity 21072K, committed 21248K, reserved 1069056K
  class space    used 2250K, capacity 2498K, committed 2560K, reserved 1048576K
}
Event: 4.586 GC heap before
{Heap before GC invocations=2 (full 0):
 garbage-first heap   total 59392K, used 14838K [0x00000000c6400000, 0x0000000100000000)
  region size 1024K, 3 young (3072K), 1 survivors (1024K)
 Metaspace       used 20686K, capacity 21136K, committed 21248K, reserved 1069056K
  class space    used 2250K, capacity 2498K, committed 2560K, reserved 1048576K
}
Event: 4.587 GC heap after
{Heap after GC invocations=3 (full 0):
 garbage-first heap   total 59392K, used 13637K [0x00000000c6400000, 0x0000000100000000)
  region size 1024K, 1 young (1024K), 1 survivors (1024K)
 Metaspace       used 20686K, capacity 21136K, committed 21248K, reserved 1069056K
  class space    used 2250K, capacity 2498K, committed 2560K, reserved 1048576K
}

Deoptimization events (20 events):
Event: 4.764 Thread 0x000002380fffe000 DEOPT PACKING pc=0x00000238008d8e2f sp=0x000000b9a7ff9140
Event: 4.764 Thread 0x000002380fffe000 DEOPT UNPACKING pc=0x0000023800026dde sp=0x000000b9a7ff85f8 mode 0
Event: 4.789 Thread 0x000002380fffe000 DEOPT PACKING pc=0x00000238007fa906 sp=0x000000b9a7ff8e10
Event: 4.789 Thread 0x000002380fffe000 DEOPT UNPACKING pc=0x0000023800026dde sp=0x000000b9a7ff8198 mode 0
Event: 4.789 Thread 0x000002380fffe000 DEOPT PACKING pc=0x00000238008d8e2f sp=0x000000b9a7ff9140
Event: 4.790 Thread 0x000002380fffe000 DEOPT UNPACKING pc=0x0000023800026dde sp=0x000000b9a7ff85f8 mode 0
Event: 4.816 Thread 0x000002380fffe000 DEOPT PACKING pc=0x00000238008d8e2f sp=0x000000b9a7ff9140
Event: 4.816 Thread 0x000002380fffe000 DEOPT UNPACKING pc=0x0000023800026dde sp=0x000000b9a7ff85f8 mode 0
Event: 4.817 Thread 0x000002380fffe000 DEOPT PACKING pc=0x00000238008d8e2f sp=0x000000b9a7ff9140
Event: 4.817 Thread 0x000002380fffe000 DEOPT UNPACKING pc=0x0000023800026dde sp=0x000000b9a7ff85f8 mode 0
Event: 4.845 Thread 0x000002380fffe000 DEOPT PACKING pc=0x00000238008d8e2f sp=0x000000b9a7ff90c0
Event: 4.845 Thread 0x000002380fffe000 DEOPT UNPACKING pc=0x0000023800026dde sp=0x000000b9a7ff8538 mode 0
Event: 4.874 Thread 0x000002380fffe000 DEOPT PACKING pc=0x00000238008d8e2f sp=0x000000b9a7ff90c0
Event: 4.875 Thread 0x000002380fffe000 DEOPT UNPACKING pc=0x0000023800026dde sp=0x000000b9a7ff8538 mode 0
Event: 4.875 Thread 0x000002380fffe000 DEOPT PACKING pc=0x00000238008d8e2f sp=0x000000b9a7ff90c0
Event: 4.875 Thread 0x000002380fffe000 DEOPT UNPACKING pc=0x0000023800026dde sp=0x000000b9a7ff8538 mode 0
Event: 4.877 Thread 0x000002380fffe000 DEOPT PACKING pc=0x00000238008b491c sp=0x000000b9a7ff9480
Event: 4.877 Thread 0x000002380fffe000 DEOPT UNPACKING pc=0x0000023800026dde sp=0x000000b9a7ff88a0 mode 0
Event: 4.939 Thread 0x000002380fffe000 DEOPT PACKING pc=0x00000238008d8e2f sp=0x000000b9a7ff9100
Event: 4.939 Thread 0x000002380fffe000 DEOPT UNPACKING pc=0x0000023800026dde sp=0x000000b9a7ff8578 mode 0

Classes redefined (0 events):
No events

Internal exceptions (20 events):
Event: 0.584 Thread 0x0000023872407800 Exception <a 'java/lang/ClassNotFoundException'{0x00000000c9602918}: ToolTip> (0x00000000c9602918) thrown at [./src/hotspot/share/classfile/systemDictionary.cpp, line 231]
Event: 0.585 Thread 0x0000023872407800 Exception <a 'java/lang/ClassNotFoundException'{0x00000000c9603270}: Tree> (0x00000000c9603270) thrown at [./src/hotspot/share/classfile/systemDictionary.cpp, line 231]
Event: 0.585 Thread 0x0000023872407800 Exception <a 'java/lang/ClassNotFoundException'{0x00000000c9603768}: Tree> (0x00000000c9603768) thrown at [./src/hotspot/share/classfile/systemDictionary.cpp, line 231]
Event: 0.585 Thread 0x0000023872407800 Exception <a 'java/lang/ClassNotFoundException'{0x00000000c9603ad8}: javax/swing/JTreeCell> (0x00000000c9603ad8) thrown at [./src/hotspot/share/classfile/systemDictionary.cpp, line 231]
Event: 0.585 Thread 0x0000023872407800 Exception <a 'java/lang/ClassNotFoundException'{0x00000000c9603dd8}: TreeCell> (0x00000000c9603dd8) thrown at [./src/hotspot/share/classfile/systemDictionary.cpp, line 231]
Event: 0.585 Thread 0x0000023872407800 Exception <a 'java/lang/ClassNotFoundException'{0x00000000c96045a8}: RootPane> (0x00000000c96045a8) thrown at [./src/hotspot/share/classfile/systemDictionary.cpp, line 231]
Event: 0.589 Thread 0x0000023872407800 Exception <a 'java/lang/ClassNotFoundException'{0x00000000c9607458}: com/sun/swing/internal/plaf/metal/resources/spi/metalProvider> (0x00000000c9607458) thrown at [./src/hotspot/share/classfile/systemDictionary.cpp, line 231]
Event: 0.591 Thread 0x0000023872407800 Exception <a 'java/lang/ClassNotFoundException'{0x00000000c960c0b8}: com/sun/swing/internal/plaf/basic/resources/spi/basicProvider> (0x00000000c960c0b8) thrown at [./src/hotspot/share/classfile/systemDictionary.cpp, line 231]
Event: 0.599 Thread 0x0000023872407800 Exception <a 'java/lang/NoSuchMethodError'{0x00000000c964b8e0}: 'java.lang.Object java.lang.invoke.DirectMethodHandle$Holder.invokeStatic(java.lang.Object, java.lang.Object, java.lang.Object, java.lang.Object, java.lang.Object, java.lang.Object, java.lang.Object, java.lang.Object, java.lang.Object, java.lang.Object, java.lang.Object, int)'> (0x00000000c964b8e0) thrown at [./src/hotspot/share/interpreter/linkResolver.cpp, line 773]
Event: 0.603 Thread 0x0000023872407800 Exception <a 'java/lang/NoSuchMethodError'{0x00000000c96697e0}: 'java.lang.Object java.lang.invoke.DirectMethodHandle$Holder.invokeStatic(java.lang.Object, java.lang.Object, java.lang.Object, java.lang.Object, java.lang.Object, java.lang.Object, java.lang.Object, java.lang.Object, java.lang.Object, java.lang.Object, java.lang.Object, int, int)'> (0x00000000c96697e0) thrown at [./src/hotspot/share/interpreter/linkResolver.cpp, line 773]
Event: 0.608 Thread 0x0000023872407800 Exception <a 'java/lang/NoSuchMethodError'{0x00000000c9688570}: 'java.lang.Object java.lang.invoke.DirectMethodHandle$Holder.invokeStatic(java.lang.Object, java.lang.Object, java.lang.Object, java.lang.Object, java.lang.Object, java.lang.Object, java.lang.Object, java.lang.Object, java.lang.Object, java.lang.Object, java.lang.Object, int, int, java.lang.Object)'> (0x00000000c9688570) thrown at [./src/hotspot/share/interpreter/linkResolver.cpp, line 773]
Event: 0.612 Thread 0x0000023872407800 Exception <a 'java/lang/NoSuchMethodError'{0x00000000c96a8bd8}: 'java.lang.Object java.lang.invoke.DirectMethodHandle$Holder.invokeStatic(java.lang.Object, java.lang.Object, java.lang.Object, java.lang.Object, java.lang.Object, java.lang.Object, java.lang.Object, java.lang.Object, java.lang.Object, java.lang.Object, java.lang.Object, int, int, java.lang.Object, java.lang.Object)'> (0x00000000c96a8bd8) thrown at [./src/hotspot/share/interpreter/linkResolver.cpp, line 773]
Event: 0.662 Thread 0x000002380fffe000 Exception <a 'java/lang/ClassNotFoundException'{0x00000000c9556c98}: com/sun/swing/internal/plaf/synth/resources/spi/synthProvider> (0x00000000c9556c98) thrown at [./src/hotspot/share/classfile/systemDictionary.cpp, line 231]
Event: 0.847 Thread 0x000002380fffe000 Exception <a 'java/lang/NoSuchMethodError'{0x00000000c9491318}: 'void java.lang.invoke.DirectMethodHandle$Holder.invokeStaticInit(java.lang.Object)'> (0x00000000c9491318) thrown at [./src/hotspot/share/interpreter/linkResolver.cpp, line 773]
Event: 0.858 Thread 0x000002380fffe000 Exception <a 'java/lang/NoSuchMethodError'{0x00000000c94e0560}: 'java.lang.Object java.lang.invoke.Invokers$Holder.linkToTargetMethod(java.lang.Object, int, java.lang.Object)'> (0x00000000c94e0560) thrown at [./src/hotspot/share/interpreter/linkResolver.cpp, line 773]
Event: 1.028 Thread 0x000002380fffe000 Exception <a 'java/lang/NoSuchMethodError'{0x00000000c92ba538}: 'int java.lang.invoke.DirectMethodHandle$Holder.invokeSpecialIFC(java.lang.Object, java.lang.Object, int)'> (0x00000000c92ba538) thrown at [./src/hotspot/share/interpreter/linkResolver.cpp, line 773]
Event: 1.077 Thread 0x000002380fffe000 Exception <a 'java/lang/NoSuchMethodError'{0x00000000c91acad8}: 'java.lang.Object java.lang.invoke.DirectMethodHandle$Holder.invokeStatic(java.lang.Object, int, int, int, int)'> (0x00000000c91acad8) thrown at [./src/hotspot/share/interpreter/linkResolver.cpp, line 773]
Event: 1.077 Thread 0x000002380fffe000 Exception <a 'java/lang/NoSuchMethodError'{0x00000000c91afc00}: 'java.lang.Object java.lang.invoke.DirectMethodHandle$Holder.invokeStaticInit(java.lang.Object, int, int, int, int)'> (0x00000000c91afc00) thrown at [./src/hotspot/share/interpreter/linkResolver.cpp, line 773]
Event: 1.335 Thread 0x000002380fffe000 Exception <a 'java/lang/NoSuchMethodError'{0x00000000c91d7bc0}: 'java.lang.Object java.lang.invoke.DirectMethodHandle$Holder.invokeStatic(java.lang.Object, java.lang.Object, int, int, int, int)'> (0x00000000c91d7bc0) thrown at [./src/hotspot/share/interpreter/linkResolver.cpp, line 773]
Event: 1.335 Thread 0x000002380fffe000 Exception <a 'java/lang/NoSuchMethodError'{0x00000000c91daf18}: 'java.lang.Object java.lang.invoke.DirectMethodHandle$Holder.invokeStaticInit(java.lang.Object, java.lang.Object, int, int, int, int)'> (0x00000000c91daf18) thrown at [./src/hotspot/share/interpreter/linkResolver.cpp, line 773]

Events (20 events):
Event: 1.782 loading class java/text/CharacterIterator
Event: 1.782 loading class java/text/CharacterIterator done
Event: 1.782 loading class java/text/AttributedCharacterIterator done
Event: 1.782 loading class java/text/AttributedString$AttributedStringIterator done
Event: 2.537 loading class javax/swing/Timer$1
Event: 2.538 loading class javax/swing/Timer$1 done
Event: 4.255 loading class javax/swing/plaf/basic/BasicSplitPaneDivider$VerticalDragController
Event: 4.258 loading class javax/swing/plaf/basic/BasicSplitPaneDivider$DragController
Event: 4.259 loading class javax/swing/plaf/basic/BasicSplitPaneDivider$DragController done
Event: 4.259 loading class javax/swing/plaf/basic/BasicSplitPaneDivider$VerticalDragController done
Event: 4.511 Executing VM operation: G1CollectForAllocation
Event: 4.520 Executing VM operation: G1CollectForAllocation done
Event: 4.586 Executing VM operation: CollectForMetadataAllocation
Event: 4.587 Executing VM operation: CollectForMetadataAllocation done
Event: 4.599 Executing VM operation: CGC_Operation
Event: 4.602 Executing VM operation: CGC_Operation done
Event: 4.608 Executing VM operation: RevokeBias
Event: 4.608 Executing VM operation: RevokeBias done
Event: 4.608 Executing VM operation: CGC_Operation
Event: 4.608 Executing VM operation: CGC_Operation done


Dynamic libraries:
0x00007ff734370000 - 0x00007ff73437d000 	C:\Program Files\AdoptOpenJDK\jdk-11.0.11.9-hotspot\bin\java.exe
0x00007ffdeac50000 - 0x00007ffdeae45000 	C:\Windows\SYSTEM32\ntdll.dll
0x00007ffde8cc0000 - 0x00007ffde8d7d000 	C:\Windows\System32\KERNEL32.DLL
0x00007ffde83f0000 - 0x00007ffde86b9000 	C:\Windows\System32\KERNELBASE.dll
0x00007ffde8b40000 - 0x00007ffde8c40000 	C:\Windows\System32\ucrtbase.dll
0x00007ffde1350000 - 0x00007ffde1367000 	C:\Program Files\AdoptOpenJDK\jdk-11.0.11.9-hotspot\bin\jli.dll
0x00007ffdea0a0000 - 0x00007ffdea240000 	C:\Windows\System32\USER32.dll
0x00007ffde8a00000 - 0x00007ffde8a22000 	C:\Windows\System32\win32u.dll
0x00007ffde9680000 - 0x00007ffde96aa000 	C:\Windows\System32\GDI32.dll
0x00007ffde8a30000 - 0x00007ffde8b3b000 	C:\Windows\System32\gdi32full.dll
0x00007ffde8960000 - 0x00007ffde89fd000 	C:\Windows\System32\msvcp_win.dll
0x00007ffde1640000 - 0x00007ffde1655000 	C:\Program Files\AdoptOpenJDK\jdk-11.0.11.9-hotspot\bin\VCRUNTIME140.dll
0x00007ffdc9cc0000 - 0x00007ffdc9f5a000 	C:\Windows\WinSxS\amd64_microsoft.windows.common-controls_6595b64144ccf1df_6.0.19041.1110_none_60b5254171f9507e\COMCTL32.dll
0x00007ffdea410000 - 0x00007ffdea4ae000 	C:\Windows\System32\msvcrt.dll
0x00007ffdea300000 - 0x00007ffdea330000 	C:\Windows\System32\IMM32.DLL
0x00007ffdd0900000 - 0x00007ffdd099b000 	C:\Program Files\AdoptOpenJDK\jdk-11.0.11.9-hotspot\bin\msvcp140.dll
0x00007ffda33a0000 - 0x00007ffda3eeb000 	C:\Program Files\AdoptOpenJDK\jdk-11.0.11.9-hotspot\bin\server\jvm.dll
0x00007ffdea600000 - 0x00007ffdea6ac000 	C:\Windows\System32\ADVAPI32.dll
0x00007ffdea730000 - 0x00007ffdea7cb000 	C:\Windows\System32\sechost.dll
0x00007ffde9550000 - 0x00007ffde967a000 	C:\Windows\System32\RPCRT4.dll
0x00007ffdea2f0000 - 0x00007ffdea2f8000 	C:\Windows\System32\PSAPI.DLL
0x00007ffddcbd0000 - 0x00007ffddcbd9000 	C:\Windows\SYSTEM32\WSOCK32.dll
0x00007ffdea4b0000 - 0x00007ffdea51b000 	C:\Windows\System32\WS2_32.dll
0x00007ffdc9c20000 - 0x00007ffdc9c47000 	C:\Windows\SYSTEM32\WINMM.dll
0x00007ffde2ee0000 - 0x00007ffde2eea000 	C:\Windows\SYSTEM32\VERSION.dll
0x00007ffde6ca0000 - 0x00007ffde6cb2000 	C:\Windows\SYSTEM32\kernel.appcore.dll
0x00007ffde2c80000 - 0x00007ffde2c90000 	C:\Program Files\AdoptOpenJDK\jdk-11.0.11.9-hotspot\bin\verify.dll
0x00007ffde61c0000 - 0x00007ffde63a4000 	C:\Windows\SYSTEM32\DBGHELP.DLL
0x00007ffde04f0000 - 0x00007ffde051c000 	C:\Windows\SYSTEM32\dbgcore.DLL
0x00007ffde88d0000 - 0x00007ffde8953000 	C:\Windows\System32\bcryptPrimitives.dll
0x00007ffddeaf0000 - 0x00007ffddeb18000 	C:\Program Files\AdoptOpenJDK\jdk-11.0.11.9-hotspot\bin\java.dll
0x00007ffde27e0000 - 0x00007ffde27ea000 	C:\Program Files\AdoptOpenJDK\jdk-11.0.11.9-hotspot\bin\jimage.dll
0x00007ffde1450000 - 0x00007ffde1467000 	C:\Program Files\AdoptOpenJDK\jdk-11.0.11.9-hotspot\bin\zip.dll
0x00007ffde8d80000 - 0x00007ffde94bf000 	C:\Windows\System32\SHELL32.dll
0x00007ffde64a0000 - 0x00007ffde6c31000 	C:\Windows\SYSTEM32\windows.storage.dll
0x00007ffde9d10000 - 0x00007ffdea065000 	C:\Windows\System32\combase.dll
0x00007ffde7d30000 - 0x00007ffde7d5c000 	C:\Windows\SYSTEM32\Wldp.dll
0x00007ffdea240000 - 0x00007ffdea2ee000 	C:\Windows\System32\SHCORE.dll
0x00007ffde9cb0000 - 0x00007ffde9d05000 	C:\Windows\System32\shlwapi.dll
0x00007ffde82d0000 - 0x00007ffde82ef000 	C:\Windows\SYSTEM32\profapi.dll
0x00007ffde13e0000 - 0x00007ffde13f9000 	C:\Program Files\AdoptOpenJDK\jdk-11.0.11.9-hotspot\bin\net.dll
0x00007ffdddc60000 - 0x00007ffdddd6a000 	C:\Windows\SYSTEM32\WINHTTP.dll
0x00007ffde7a90000 - 0x00007ffde7afa000 	C:\Windows\system32\mswsock.dll
0x00007ffdde960000 - 0x00007ffdde972000 	C:\Program Files\AdoptOpenJDK\jdk-11.0.11.9-hotspot\bin\nio.dll
0x00007ffdd9e60000 - 0x00007ffdd9ff9000 	C:\Program Files\AdoptOpenJDK\jdk-11.0.11.9-hotspot\bin\awt.dll
0x00007ffdea520000 - 0x00007ffdea5ed000 	C:\Windows\System32\OLEAUT32.dll
0x00007ffde5880000 - 0x00007ffde5910000 	C:\Windows\SYSTEM32\apphelp.dll
0x00007ffde5a40000 - 0x00007ffde5ade000 	C:\Windows\system32\uxtheme.dll
0x00007ffdeaa90000 - 0x00007ffdeaba5000 	C:\Windows\System32\MSCTF.dll
0x00007ffde9710000 - 0x00007ffde983a000 	C:\Windows\System32\ole32.dll
0x00007ffde5e10000 - 0x00007ffde5e3f000 	C:\Windows\system32\DWMAPI.DLL
0x00007ffdd9dd0000 - 0x00007ffdd9e55000 	C:\Program Files\AdoptOpenJDK\jdk-11.0.11.9-hotspot\bin\freetype.dll
0x00007ffdda470000 - 0x00007ffdda482000 	C:\Program Files\AdoptOpenJDK\jdk-11.0.11.9-hotspot\bin\fontmanager.dll
0x00007ffdd04e0000 - 0x00007ffdd059c000 	C:\Program Files\AdoptOpenJDK\jdk-11.0.11.9-hotspot\bin\harfbuzz.dll
0x00007ffdcb1d0000 - 0x00007ffdcb2f5000 	C:\Windows\system32\opengl32.dll
0x00007ffdd07f0000 - 0x00007ffdd081c000 	C:\Windows\SYSTEM32\GLU32.dll
0x00007ffde7c70000 - 0x00007ffde7c88000 	C:\Windows\SYSTEM32\CRYPTSP.dll
0x00007ffde7430000 - 0x00007ffde7464000 	C:\Windows\system32\rsaenh.dll
0x00007ffde8c40000 - 0x00007ffde8c67000 	C:\Windows\System32\bcrypt.dll
0x00007ffde8290000 - 0x00007ffde82be000 	C:\Windows\SYSTEM32\USERENV.dll
0x00007ffde7c90000 - 0x00007ffde7c9c000 	C:\Windows\SYSTEM32\CRYPTBASE.dll
0x00007ffde7780000 - 0x00007ffde77bb000 	C:\Windows\SYSTEM32\IPHLPAPI.DLL
0x00007ffdea5f0000 - 0x00007ffdea5f8000 	C:\Windows\System32\NSI.dll
0x00007ffddf320000 - 0x00007ffddf337000 	C:\Windows\SYSTEM32\dhcpcsvc6.DLL
0x00007ffddf510000 - 0x00007ffddf52d000 	C:\Windows\SYSTEM32\dhcpcsvc.DLL
0x00007ffde77c0000 - 0x00007ffde788c000 	C:\Windows\SYSTEM32\DNSAPI.dll
0x0000000070bc0000 - 0x0000000070c9c000 	C:\Users\Udenar\AppData\Local\Temp\sqlite-3.36.0.1-2fb14c09-65c4-4cef-8033-9a8b80e28edc-sqlitejdbc.dll
0x00007ffde0e70000 - 0x00007ffde0f69000 	C:\Windows\SYSTEM32\textinputframework.dll
0x00007ffde5650000 - 0x00007ffde5742000 	C:\Windows\System32\CoreMessaging.dll
0x00007ffde52f0000 - 0x00007ffde564e000 	C:\Windows\System32\CoreUIComponents.dll
0x00007ffde3f90000 - 0x00007ffde40e4000 	C:\Windows\SYSTEM32\wintypes.dll
0x00007ffde70c0000 - 0x00007ffde70f3000 	C:\Windows\SYSTEM32\ntmarta.dll

dbghelp: loaded successfully - version: 4.0.5 - missing functions: none
symbol engine: initialized successfully - sym options: 0x614 - pdb path: .;C:\Program Files\AdoptOpenJDK\jdk-11.0.11.9-hotspot\bin;C:\Windows\SYSTEM32;C:\Windows\WinSxS\amd64_microsoft.windows.common-controls_6595b64144ccf1df_6.0.19041.1110_none_60b5254171f9507e;C:\Program Files\AdoptOpenJDK\jdk-11.0.11.9-hotspot\bin\server;C:\Users\Udenar\AppData\Local\Temp

VM Arguments:
jvm_args: -Dfile.encoding=UTF-8 
java_command: vista.ProyectoConstruccionGui
java_class_path (initial): C:\Users\Udenar\Downloads\sqlite-jdbc-3.36.0.1.jar;C:\Users\Udenar\Desktop\Programacion\MiPrimerProyecto53\build\classes
Launcher Type: SUN_STANDARD

[Global flags]
     intx CICompilerCount                          = 3                                         {product} {ergonomic}
     uint ConcGCThreads                            = 1                                         {product} {ergonomic}
     uint G1ConcRefinementThreads                  = 4                                         {product} {ergonomic}
   size_t G1HeapRegionSize                         = 1048576                                   {product} {ergonomic}
    uintx GCDrainStackTargetSize                   = 64                                        {product} {ergonomic}
   size_t InitialHeapSize                          = 60817408                                  {product} {ergonomic}
   size_t MarkStackSize                            = 4194304                                   {product} {ergonomic}
   size_t MaxHeapSize                              = 968884224                                 {product} {ergonomic}
   size_t MaxNewSize                               = 580911104                                 {product} {ergonomic}
   size_t MinHeapDeltaBytes                        = 1048576                                   {product} {ergonomic}
    uintx NonNMethodCodeHeapSize                   = 5830732                                {pd product} {ergonomic}
    uintx NonProfiledCodeHeapSize                  = 122913754                              {pd product} {ergonomic}
    uintx ProfiledCodeHeapSize                     = 122913754                              {pd product} {ergonomic}
    uintx ReservedCodeCacheSize                    = 251658240                              {pd product} {ergonomic}
     bool SegmentedCodeCache                       = true                                      {product} {ergonomic}
     bool UseCompressedClassPointers               = true                                 {lp64_product} {ergonomic}
     bool UseCompressedOops                        = true                                 {lp64_product} {ergonomic}
     bool UseG1GC                                  = true                                      {product} {ergonomic}
     bool UseLargePagesIndividualAllocation        = false                                  {pd product} {ergonomic}

Logging:
Log output configuration:
 #0: stdout all=warning uptime,level,tags
 #1: stderr all=off uptime,level,tags

Environment Variables:
JAVA_HOME=C:\Program Files\AdoptOpenJDK\jdk-11.0.11.9-hotspot\
PATH=C:\Program Files\AdoptOpenJDK\jdk-11.0.11.9-hotspot\bin;C:\apache-maven-3.8.1\bin;C:\Windows\system32;C:\Windows;C:\Windows\System32\Wbem;C:\Windows\System32\WindowsPowerShell\v1.0\;C:\Windows\System32\OpenSSH\;C:\Program Files\Git\cmd;C:\Program Files\Git\mingw64\bin;C:\Program Files\Git\usr\bin;C:\SQLite3;C:\Users\Udenar\AppData\Local\Programs\Python\Python39\Scripts\;C:\Users\Udenar\AppData\Local\Programs\Python\Python39\;C:\Users\Udenar\AppData\Local\Programs\Python\Python39;C:\Users\Udenar\AppData\Local\Microsoft\WindowsApps;C:\Users\Udenar\AppData\Local\Programs\Microsoft VS Code\bin;
USERNAME=Udenar
OS=Windows_NT
PROCESSOR_IDENTIFIER=Intel64 Family 6 Model 142 Stepping 12, GenuineIntel



---------------  S Y S T E M  ---------------

OS: Windows 10 , 64 bit Build 19041 (10.0.19041.1023)
OS uptime: 28 days 17:55 hours

CPU:total 4 (initial active 4) (2 cores per cpu, 2 threads per core) family 6 model 142 stepping 12 microcode 0xde, cmov, cx8, fxsr, mmx, sse, sse2, sse3, ssse3, sse4.1, sse4.2, popcnt, avx, avx2, aes, clmul, erms, 3dnowpref, lzcnt, ht, tsc, tscinvbit, bmi1, bmi2, adx, fma

Memory: 4k page, system-wide physical 3690M (200M free)
TotalPageFile size 11882M (AvailPageFile size 4M)
current process WorkingSet (physical memory assigned to process): 108M, peak: 110M
current process commit charge ("private bytes"): 167M, peak: 169M

vm_info: OpenJDK 64-Bit Server VM (11.0.11+9) for windows-amd64 JRE (11.0.11+9), built on Apr 20 2021 21:22:09 by "" with MS VC++ 15.9 (VS2017)

END.
